INFO     Bach_WF_F03_Sonate_D-Dur.ms3 -- Attempting to parse Bach_WF_F03_Sonate_D-Dur.mscx
WARNING  Bach_WF_F03_Sonate_D-Dur.ms3 -- MC 85 (3/8) and MC 86 (3/4) don't add up to 1/2.
WARNING  Bach_WF_F03_Sonate_D-Dur.ms3 -- The endRepeat in MC 103 (3/4) is not adapted to the irregular measure length in MC 30 (1/8)
WARNING  Bach_WF_F03_Sonate_D-Dur.ms3 -- The endRepeat in MC 149 (3/4) is not adapted to the irregular measure length in MC 150 (1/4)
WARNING  Bach_WF_F03_Sonate_D-Dur.ms3 -- MC 150 (1/4) and MC 151 (1) don't add up to 1.
WARNING  Bach_WF_F03_Sonate_D-Dur.ms3 -- MC 192 (3/4) and MC 104 (3/4) don't add up to 1.
WARNING  Bach_WF_F03_Sonate_D-Dur.ms3 -- MC 192 (3/4) and MC 193 (3/8) don't add up to 1.
WARNING  Bach_WF_F03_Sonate_D-Dur.ms3 -- MC 259 (3/4) and MC 193 (3/8) don't add up to 1.
INFO     Bach_WF_F03_Sonate_D-Dur.ms3 -- Done parsing Bach_WF_F03_Sonate_D-Dur.mscx

WARNING  Bach_WF_F03_Sonate_D-Dur.expand_labels -- The following chords could not be parsed:
       mc   mn onset       label
58     16   15     0          I"
62     16   15   1/4          I"
63     17   16     0          I"
67     17   16   1/4          I"
119    29   28     0       I(4)"
123    29   28   1/4        I"\\
140    35   33     0          I"
144    35   33   1/4          I"
167    43   41     0         I"I
170    43   41   1/4          I"
173    45   43     0         i"i
176    45   43   1/4          i"
210    54   52     0      V97/IV
237    61   59     0         I"I
246    62   60   1/4        I"\\
247    63   61     0        I.I"
251    63   61   1/4          I"
252    64   62     0          I"
256    64   62   1/4          I"
278    69   67     0          V"
286    70   68     0          V"
302    74   72     0      IV(9#)
311    76   74     0    viio(2#)
312    76   74  1/16  viio5#(2#)
326    79   77  3/32          V9
354    85   83  3/32          I"
357    85   83   1/4        I"\\
367    89   87   1/4        V9/V
370    90   88     0       v(9#)
386    93   91   3/8          V9
427   103  101     0          I"
433   103  101   5/8        I"\\
459   112  110   1/8          i"
461   112  110   5/8          i"
463   113  111   1/4      i6(6#)
467   114  112     0      v6(7#)
539   131  129     0       v(7#)
556   134  132   1/4          V9
567   136  134     0      I6(7#)
577   140  138     0   #viio97/V
579   140  138   5/8   #viio97/V
617   149  147     0          i"
687   168  166   3/4       V(7#)
701   173  171  5/12     V65#/IV
702   173  171   1/2      IV(9#)
703   173  171   3/4     ii6(4#)
726   180  178   3/4        V119
747   187  185   1/2       IV(#)
755   189  187     0      IV(9#)
761   189  187  7/12       V(2#)
771   190  188   1/2     V65(4#)
772   190  188  7/12    V65#(4#)
773   190  188   2/3      V6(4#)
774   190  188   3/4      V6(4#)
780   192  190     0       I(4)"
786   192  190   1/2        I"\\
884   219  217     0          V9
979   240  238   1/2      IV(2#)
980   240  238   2/3     IV+(2#)
981   240  238   3/4     ii6(4#)
1008  247  245   3/4        V119
1027  254  252   1/2      IV(2#)
1034  256  254     0      IV(2#)
1040  256  254  7/12       V(2#)
ERROR    Bach_WF_F03_Sonate_D-Dur.expand_labels -- % is a seventh chord and cannot have figbass ''
ERROR    Bach_WF_F03_Sonate_D-Dur.expand_labels -- Are you expanding labels of several pieces in the same DataFrame? In that case, define 'groupby()' parameters.
ERROR    Bach_WF_F03_Sonate_D-Dur -- Could not expand labels due to errors:
Traceback (most recent call last):
  File "scripts/parallel_parse.py", line 80, in parse
    expanded = expand_labels(chord_list, column='label', regex=REGEX, chord_tones=True, groupby=None, logger_name=S.fname).df
  File "/home/hentsche/corpora/scripts/expand_labels.py", line 416, in __init__
    df = self.propagate_keys(df, add_bool=True, **key_cols)
  File "/home/hentsche/corpora/scripts/expand_labels.py", line 680, in propagate_keys
    raise NotImplementedError("Several global keys not accepted at the moment.")
NotImplementedError: Several global keys not accepted at the moment.
